<?xml version="1.0" encoding="UTF-8"?>
<!-- Generated by org.testng.reporters.JUnitXMLReporter -->
<testsuite ignored="1" hostname="DESKTOP-1U3T6DO" failures="0" tests="2" name="Test1" time="27.62" errors="0" timestamp="2021-12-27T22:09:01 GMT">
  <testcase classname="TestNG.DemoTest" name="googleSearch" time="6.468"/>
  <testcase classname="TestNG.DemoTest2" name="googleSearch3" time="7.265"/>
  <testcase classname="TestNG.DemoTest2" name="googleSearch2" time="0.0">
    <ignored/>
  </testcase> <!-- googleSearch2 -->
</testsuite> <!-- Test1 -->
