<?xml version="1.0" encoding="UTF-8"?>
<!-- Generated by org.testng.reporters.JUnitXMLReporter -->
<testsuite ignored="0" hostname="DESKTOP-1U3T6DO" failures="0" tests="5" name="Test" time="0.05" errors="0" timestamp="2022-01-06T14:35:05 GMT">
  <testcase classname="TestNG.TestNgGroupdDemo" name="test1" time="0.007"/>
  <testcase classname="TestNG.TestNgGroupdDemo" name="test2" time="0.001"/>
  <testcase classname="TestNG.TestNgGroupdDemo" name="test3" time="0.001"/>
  <testcase classname="TestNG.TestNgGroupdDemo" name="test4" time="0.001"/>
  <testcase classname="TestNG.TestNgGroupdDemo" name="test5" time="0.001"/>
</testsuite> <!-- Test -->
